21:30:56: Creating resource group General
21:30:56: Creating resource group OgreInternal
21:30:56: Creating resource group OgreAutodetect
21:30:56: Registering ResourceManager for type Mesh
21:30:56: Registering ResourceManager for type Material
21:30:56: Registering ResourceManager for type Skeleton
21:30:56: XMLMeshSerializer reading mesh data from D:\danny\MESHEX\Cube.mesh.xml...
21:30:56: Reading geometry...
21:30:56: Geometry done...
21:30:56: Reading submeshes...
21:30:56: Error: empty material name encountered. This violates the specs and can lead to crashes.
21:30:56: Submeshes done.
21:30:56: Reading mesh names...
21:30:56: Mesh names done.
21:30:56: XMLMeshSerializer import successful.
21:30:56: MeshSerializer writing mesh data to stream D:\danny\MESHEX\Cube.mesh...
21:30:56: File header written.
21:30:56: Writing mesh data...
21:30:56: Writing submesh...
21:30:56: Exporting submesh texture aliases...
21:30:56: Submesh texture aliases exported.
21:30:56: Submesh exported.
21:30:56: Exporting bounds information....
21:30:56: Bounds information exported.
21:30:56: Exporting submesh name table...
21:30:56: Submesh name table exported.
21:30:56: Mesh data exported.
21:30:56: MeshSerializer export successful.
21:30:56: Unregistering ResourceManager for type Skeleton
21:30:56: Unregistering ResourceManager for type Material
21:30:56: Unregistering ResourceManager for type Mesh
