21:16:04: Creating resource group General
21:16:04: Creating resource group OgreInternal
21:16:04: Creating resource group OgreAutodetect
21:16:04: Registering ResourceManager for type Mesh
21:16:04: Registering ResourceManager for type Material
21:16:04: Registering ResourceManager for type Skeleton
21:16:05: XMLMeshSerializer reading mesh data from D:\danny\MESHEX\SHAPEKEYTV\tv.mesh.xml...
21:16:05: Reading geometry...
21:16:05: Geometry done...
21:16:05: Reading submeshes...
21:16:05: Submeshes done.
21:16:05: Reading mesh names...
21:16:05: Mesh names done.
21:16:06: XMLMeshSerializer import successful.
21:16:06: MeshSerializer writing mesh data to stream D:\danny\MESHEX\SHAPEKEYTV\tv.mesh...
21:16:06: File header written.
21:16:06: Writing mesh data...
21:16:06: Writing submesh...
21:16:06: Exporting submesh texture aliases...
21:16:06: Submesh texture aliases exported.
21:16:06: Submesh exported.
21:16:06: Writing submesh...
21:16:06: Exporting submesh texture aliases...
21:16:06: Submesh texture aliases exported.
21:16:06: Submesh exported.
21:16:06: Writing submesh...
21:16:06: Exporting submesh texture aliases...
21:16:06: Submesh texture aliases exported.
21:16:06: Submesh exported.
21:16:06: Writing submesh...
21:16:06: Exporting submesh texture aliases...
21:16:06: Submesh texture aliases exported.
21:16:06: Submesh exported.
21:16:06: Writing submesh...
21:16:06: Exporting submesh texture aliases...
21:16:06: Submesh texture aliases exported.
21:16:06: Submesh exported.
21:16:06: Writing submesh...
21:16:06: Exporting submesh texture aliases...
21:16:06: Submesh texture aliases exported.
21:16:06: Submesh exported.
21:16:06: Writing submesh...
21:16:06: Exporting submesh texture aliases...
21:16:06: Submesh texture aliases exported.
21:16:06: Submesh exported.
21:16:06: Exporting bounds information....
21:16:06: Bounds information exported.
21:16:06: Exporting submesh name table...
21:16:06: Submesh name table exported.
21:16:06: Mesh data exported.
21:16:06: MeshSerializer export successful.
21:16:06: Unregistering ResourceManager for type Skeleton
21:16:06: Unregistering ResourceManager for type Material
21:16:06: Unregistering ResourceManager for type Mesh
